  Main.cpp
C:\Users\Hhebe\OneDrive\Documentos\8° Semestre\Compu Grafica\Proyecto\Visual\Proyecto-Computacion-Grafica\Proyecto-Computacion-Grafica\Window.h(12,36): warning C4244: 'return': conversión de 'GLint' a 'GLfloat'; posible pérdida de datos
  (compilando archivo de origen "Main.cpp")
  
C:\Users\Hhebe\OneDrive\Documentos\8° Semestre\Compu Grafica\Proyecto\Visual\Proyecto-Computacion-Grafica\Proyecto-Computacion-Grafica\Window.h(13,37): warning C4244: 'return': conversión de 'GLint' a 'GLfloat'; posible pérdida de datos
  (compilando archivo de origen "Main.cpp")
  
C:\Users\Hhebe\OneDrive\Documentos\8° Semestre\Compu Grafica\Proyecto\Visual\Proyecto-Computacion-Grafica\Proyecto-Computacion-Grafica\Main.cpp(863,15): warning C4244: 'inicializando': conversión de 'double' a 'GLfloat'; posible pérdida de datos
C:\Users\Hhebe\OneDrive\Documentos\8° Semestre\Compu Grafica\Proyecto\Visual\Proyecto-Computacion-Grafica\Proyecto-Computacion-Grafica\Main.cpp(865,33): warning C4244: '+=': conversión de 'double' a 'GLfloat'; posible pérdida de datos
  Window.cpp
C:\Users\Hhebe\OneDrive\Documentos\8° Semestre\Compu Grafica\Proyecto\Visual\Proyecto-Computacion-Grafica\Proyecto-Computacion-Grafica\Window.h(12,36): warning C4244: 'return': conversión de 'GLint' a 'GLfloat'; posible pérdida de datos
  (compilando archivo de origen "Window.cpp")
  
C:\Users\Hhebe\OneDrive\Documentos\8° Semestre\Compu Grafica\Proyecto\Visual\Proyecto-Computacion-Grafica\Proyecto-Computacion-Grafica\Window.h(13,37): warning C4244: 'return': conversión de 'GLint' a 'GLfloat'; posible pérdida de datos
  (compilando archivo de origen "Window.cpp")
  
C:\Users\Hhebe\OneDrive\Documentos\8° Semestre\Compu Grafica\Proyecto\Visual\Proyecto-Computacion-Grafica\Proyecto-Computacion-Grafica\Window.cpp(139,22): warning C4244: '=': conversión de 'double' a 'GLfloat'; posible pérdida de datos
C:\Users\Hhebe\OneDrive\Documentos\8° Semestre\Compu Grafica\Proyecto\Visual\Proyecto-Computacion-Grafica\Proyecto-Computacion-Grafica\Window.cpp(140,22): warning C4244: '=': conversión de 'double' a 'GLfloat'; posible pérdida de datos
C:\Users\Hhebe\OneDrive\Documentos\8° Semestre\Compu Grafica\Proyecto\Visual\Proyecto-Computacion-Grafica\Proyecto-Computacion-Grafica\Window.cpp(144,28): warning C4244: '=': conversión de 'double' a 'GLfloat'; posible pérdida de datos
C:\Users\Hhebe\OneDrive\Documentos\8° Semestre\Compu Grafica\Proyecto\Visual\Proyecto-Computacion-Grafica\Proyecto-Computacion-Grafica\Window.cpp(145,40): warning C4244: '=': conversión de 'double' a 'GLfloat'; posible pérdida de datos
C:\Users\Hhebe\OneDrive\Documentos\8° Semestre\Compu Grafica\Proyecto\Visual\Proyecto-Computacion-Grafica\Proyecto-Computacion-Grafica\Window.cpp(147,21): warning C4244: '=': conversión de 'double' a 'GLfloat'; posible pérdida de datos
C:\Users\Hhebe\OneDrive\Documentos\8° Semestre\Compu Grafica\Proyecto\Visual\Proyecto-Computacion-Grafica\Proyecto-Computacion-Grafica\Window.cpp(148,21): warning C4244: '=': conversión de 'double' a 'GLfloat'; posible pérdida de datos
  Generando código...
C:\Users\Hhebe\OneDrive\Documentos\8° Semestre\Compu Grafica\Proyecto\Visual\Proyecto-Computacion-Grafica\Proyecto-Computacion-Grafica\Window.cpp(75): warning C4715: 'Window::Initialise': no todas las rutas de acceso de control devuelven un valor
  LINK : no se encontró C:\Users\Hhebe\OneDrive\Documentos\8° Semestre\Compu Grafica\Proyecto\Visual\Proyecto-Computacion-Grafica\Proyecto-Computacion-Grafica\Debug\Zoo.exe o no lo generó el último vínculo incremental; ejecutando vínculo completo
LINK : warning LNK4098: la biblioteca predeterminada'MSVCRT' entra en conflicto con otras bibliotecas; use la biblioteca /NODEFAULTLIB:biblioteca
  Zoo.vcxproj -> C:\Users\Hhebe\OneDrive\Documentos\8° Semestre\Compu Grafica\Proyecto\Visual\Proyecto-Computacion-Grafica\Proyecto-Computacion-Grafica\Debug\Zoo.exe
